<?xml version="1.0" encoding="UTF-8"?>
<testsuite name="org.tasks.MainJunitTest" tests="9" skipped="0" failures="0" errors="0" timestamp="2025-03-20T22:41:16" hostname="DESKTOP-9MSFUMM" time="0.068">
  <properties/>
  <testcase name="notATriangle()" classname="org.tasks.MainJunitTest" time="0.044"/>
  <testcase name="conditionNotATriangle()" classname="org.tasks.MainJunitTest" time="0.002"/>
  <testcase name="valueOfBOutOfRange()" classname="org.tasks.MainJunitTest" time="0.001"/>
  <testcase name="equilateral()" classname="org.tasks.MainJunitTest" time="0.002"/>
  <testcase name="largeTriangle()" classname="org.tasks.MainJunitTest" time="0.001"/>
  <testcase name="isosceles()" classname="org.tasks.MainJunitTest" time="0.001"/>
  <testcase name="valueOfAOutOfRange()" classname="org.tasks.MainJunitTest" time="0.001"/>
  <testcase name="valueOfCOutOfRange()" classname="org.tasks.MainJunitTest" time="0.002"/>
  <testcase name="scalene()" classname="org.tasks.MainJunitTest" time="0.002"/>
  <system-out><![CDATA[]]></system-out>
  <system-err><![CDATA[]]></system-err>
</testsuite>
